<?xml version="1.0" encoding="UTF-8"?>
<testsuite xmlns:xsi="http://www.w3.org/2001/XMLSchema-instance" xsi:noNamespaceSchemaLocation="https://maven.apache.org/surefire/maven-surefire-plugin/xsd/surefire-test-report-3.0.xsd" version="3.0" name="lv.delfi.firstProj.AppTest" time="57.964" tests="5" errors="0" skipped="0" failures="2">
  <properties>
    <property name="sun.desktop" value="windows"/>
    <property name="awt.toolkit" value="sun.awt.windows.WToolkit"/>
    <property name="file.encoding.pkg" value="sun.io"/>
    <property name="java.specification.version" value="1.8"/>
    <property name="sun.cpu.isalist" value="amd64"/>
    <property name="sun.jnu.encoding" value="Cp1257"/>
    <property name="java.class.path" value="C:\Users\apusko.la\eclipse-workspace\firstProj\target\test-classes;C:\Users\apusko.la\eclipse-workspace\firstProj\target\classes;C:\Users\apusko.la\.m2\repository\junit\junit\4.12\junit-4.12.jar;C:\Users\apusko.la\.m2\repository\org\hamcrest\hamcrest-core\1.3\hamcrest-core-1.3.jar;C:\Users\apusko.la\.m2\repository\org\seleniumhq\selenium\selenium-java\3.141.59\selenium-java-3.141.59.jar;C:\Users\apusko.la\.m2\repository\org\seleniumhq\selenium\selenium-api\3.141.59\selenium-api-3.141.59.jar;C:\Users\apusko.la\.m2\repository\org\seleniumhq\selenium\selenium-chrome-driver\3.141.59\selenium-chrome-driver-3.141.59.jar;C:\Users\apusko.la\.m2\repository\org\seleniumhq\selenium\selenium-edge-driver\3.141.59\selenium-edge-driver-3.141.59.jar;C:\Users\apusko.la\.m2\repository\org\seleniumhq\selenium\selenium-firefox-driver\3.141.59\selenium-firefox-driver-3.141.59.jar;C:\Users\apusko.la\.m2\repository\org\seleniumhq\selenium\selenium-ie-driver\3.141.59\selenium-ie-driver-3.141.59.jar;C:\Users\apusko.la\.m2\repository\org\seleniumhq\selenium\selenium-opera-driver\3.141.59\selenium-opera-driver-3.141.59.jar;C:\Users\apusko.la\.m2\repository\org\seleniumhq\selenium\selenium-remote-driver\3.141.59\selenium-remote-driver-3.141.59.jar;C:\Users\apusko.la\.m2\repository\org\seleniumhq\selenium\selenium-safari-driver\3.141.59\selenium-safari-driver-3.141.59.jar;C:\Users\apusko.la\.m2\repository\org\seleniumhq\selenium\selenium-support\3.141.59\selenium-support-3.141.59.jar;C:\Users\apusko.la\.m2\repository\net\bytebuddy\byte-buddy\1.8.15\byte-buddy-1.8.15.jar;C:\Users\apusko.la\.m2\repository\org\apache\commons\commons-exec\1.3\commons-exec-1.3.jar;C:\Users\apusko.la\.m2\repository\com\google\guava\guava\25.0-jre\guava-25.0-jre.jar;C:\Users\apusko.la\.m2\repository\com\google\code\findbugs\jsr305\1.3.9\jsr305-1.3.9.jar;C:\Users\apusko.la\.m2\repository\org\checkerframework\checker-compat-qual\2.0.0\checker-compat-qual-2.0.0.jar;C:\Users\apusko.la\.m2\repository\com\google\errorprone\error_prone_annotations\2.1.3\error_prone_annotations-2.1.3.jar;C:\Users\apusko.la\.m2\repository\com\google\j2objc\j2objc-annotations\1.1\j2objc-annotations-1.1.jar;C:\Users\apusko.la\.m2\repository\org\codehaus\mojo\animal-sniffer-annotations\1.14\animal-sniffer-annotations-1.14.jar;C:\Users\apusko.la\.m2\repository\com\squareup\okhttp3\okhttp\3.11.0\okhttp-3.11.0.jar;C:\Users\apusko.la\.m2\repository\com\squareup\okio\okio\1.14.0\okio-1.14.0.jar;C:\Users\apusko.la\.m2\repository\org\apache\maven\maven-plugin-api\3.6.1\maven-plugin-api-3.6.1.jar;C:\Users\apusko.la\.m2\repository\org\apache\maven\maven-model\3.6.1\maven-model-3.6.1.jar;C:\Users\apusko.la\.m2\repository\org\apache\maven\maven-artifact\3.6.1\maven-artifact-3.6.1.jar;C:\Users\apusko.la\.m2\repository\org\eclipse\sisu\org.eclipse.sisu.plexus\0.3.3\org.eclipse.sisu.plexus-0.3.3.jar;C:\Users\apusko.la\.m2\repository\javax\enterprise\cdi-api\1.0\cdi-api-1.0.jar;C:\Users\apusko.la\.m2\repository\javax\annotation\jsr250-api\1.0\jsr250-api-1.0.jar;C:\Users\apusko.la\.m2\repository\javax\inject\javax.inject\1\javax.inject-1.jar;C:\Users\apusko.la\.m2\repository\org\eclipse\sisu\org.eclipse.sisu.inject\0.3.3\org.eclipse.sisu.inject-0.3.3.jar;C:\Users\apusko.la\.m2\repository\org\codehaus\plexus\plexus-component-annotations\1.5.5\plexus-component-annotations-1.5.5.jar;C:\Users\apusko.la\.m2\repository\org\codehaus\plexus\plexus-utils\3.2.0\plexus-utils-3.2.0.jar;C:\Users\apusko.la\.m2\repository\org\codehaus\plexus\plexus-classworlds\2.6.0\plexus-classworlds-2.6.0.jar;C:\Users\apusko.la\.m2\repository\javax\servlet\javax.servlet-api\4.0.1\javax.servlet-api-4.0.1.jar;C:\Users\apusko.la\.m2\repository\org\testng\testng\6.14.3\testng-6.14.3.jar;C:\Users\apusko.la\.m2\repository\com\beust\jcommander\1.72\jcommander-1.72.jar;C:\Users\apusko.la\.m2\repository\org\apache-extras\beanshell\bsh\2.0b6\bsh-2.0b6.jar;C:\Users\apusko.la\.m2\repository\io\appium\java-client\7.0.0\java-client-7.0.0.jar;C:\Users\apusko.la\.m2\repository\com\google\code\gson\gson\2.8.5\gson-2.8.5.jar;C:\Users\apusko.la\.m2\repository\org\apache\httpcomponents\httpclient\4.5.6\httpclient-4.5.6.jar;C:\Users\apusko.la\.m2\repository\org\apache\httpcomponents\httpcore\4.4.10\httpcore-4.4.10.jar;C:\Users\apusko.la\.m2\repository\commons-logging\commons-logging\1.2\commons-logging-1.2.jar;C:\Users\apusko.la\.m2\repository\commons-codec\commons-codec\1.10\commons-codec-1.10.jar;C:\Users\apusko.la\.m2\repository\cglib\cglib\3.2.8\cglib-3.2.8.jar;C:\Users\apusko.la\.m2\repository\org\ow2\asm\asm\6.2.1\asm-6.2.1.jar;C:\Users\apusko.la\.m2\repository\org\apache\ant\ant\1.10.3\ant-1.10.3.jar;C:\Users\apusko.la\.m2\repository\org\apache\ant\ant-launcher\1.10.3\ant-launcher-1.10.3.jar;C:\Users\apusko.la\.m2\repository\commons-validator\commons-validator\1.6\commons-validator-1.6.jar;C:\Users\apusko.la\.m2\repository\commons-beanutils\commons-beanutils\1.9.2\commons-beanutils-1.9.2.jar;C:\Users\apusko.la\.m2\repository\commons-digester\commons-digester\1.8.1\commons-digester-1.8.1.jar;C:\Users\apusko.la\.m2\repository\commons-collections\commons-collections\3.2.2\commons-collections-3.2.2.jar;C:\Users\apusko.la\.m2\repository\org\apache\commons\commons-lang3\3.8\commons-lang3-3.8.jar;C:\Users\apusko.la\.m2\repository\commons-io\commons-io\2.6\commons-io-2.6.jar;C:\Users\apusko.la\.m2\repository\org\springframework\spring-context\5.1.0.RELEASE\spring-context-5.1.0.RELEASE.jar;C:\Users\apusko.la\.m2\repository\org\springframework\spring-aop\5.1.0.RELEASE\spring-aop-5.1.0.RELEASE.jar;C:\Users\apusko.la\.m2\repository\org\springframework\spring-beans\5.1.0.RELEASE\spring-beans-5.1.0.RELEASE.jar;C:\Users\apusko.la\.m2\repository\org\springframework\spring-core\5.1.0.RELEASE\spring-core-5.1.0.RELEASE.jar;C:\Users\apusko.la\.m2\repository\org\springframework\spring-jcl\5.1.0.RELEASE\spring-jcl-5.1.0.RELEASE.jar;C:\Users\apusko.la\.m2\repository\org\springframework\spring-expression\5.1.0.RELEASE\spring-expression-5.1.0.RELEASE.jar;C:\Users\apusko.la\.m2\repository\org\aspectj\aspectjweaver\1.9.1\aspectjweaver-1.9.1.jar;C:\Users\apusko.la\.m2\repository\org\slf4j\slf4j-api\1.7.25\slf4j-api-1.7.25.jar;"/>
    <property name="java.vm.vendor" value="Oracle Corporation"/>
    <property name="sun.arch.data.model" value="64"/>
    <property name="user.variant" value=""/>
    <property name="java.vendor.url" value="http://java.oracle.com/"/>
    <property name="user.timezone" value="Europe/Helsinki"/>
    <property name="user.country.format" value="LV"/>
    <property name="java.vm.specification.version" value="1.8"/>
    <property name="os.name" value="Windows 10"/>
    <property name="user.country" value="US"/>
    <property name="sun.java.launcher" value="SUN_STANDARD"/>
    <property name="sun.boot.library.path" value="C:\Program Files\Java\jdk1.8.0_211\jre\bin"/>
    <property name="sun.java.command" value="C:\Users\apusko.la\AppData\Local\Temp\surefire7148803535425786390\surefirebooter3309811790016214353.jar C:\Users\apusko.la\AppData\Local\Temp\surefire7148803535425786390 2019-06-04T16-40-55_466-jvmRun1 surefire2002342031215692985tmp surefire_0255022325408341999tmp"/>
    <property name="surefire.test.class.path" value="C:\Users\apusko.la\eclipse-workspace\firstProj\target\test-classes;C:\Users\apusko.la\eclipse-workspace\firstProj\target\classes;C:\Users\apusko.la\.m2\repository\junit\junit\4.12\junit-4.12.jar;C:\Users\apusko.la\.m2\repository\org\hamcrest\hamcrest-core\1.3\hamcrest-core-1.3.jar;C:\Users\apusko.la\.m2\repository\org\seleniumhq\selenium\selenium-java\3.141.59\selenium-java-3.141.59.jar;C:\Users\apusko.la\.m2\repository\org\seleniumhq\selenium\selenium-api\3.141.59\selenium-api-3.141.59.jar;C:\Users\apusko.la\.m2\repository\org\seleniumhq\selenium\selenium-chrome-driver\3.141.59\selenium-chrome-driver-3.141.59.jar;C:\Users\apusko.la\.m2\repository\org\seleniumhq\selenium\selenium-edge-driver\3.141.59\selenium-edge-driver-3.141.59.jar;C:\Users\apusko.la\.m2\repository\org\seleniumhq\selenium\selenium-firefox-driver\3.141.59\selenium-firefox-driver-3.141.59.jar;C:\Users\apusko.la\.m2\repository\org\seleniumhq\selenium\selenium-ie-driver\3.141.59\selenium-ie-driver-3.141.59.jar;C:\Users\apusko.la\.m2\repository\org\seleniumhq\selenium\selenium-opera-driver\3.141.59\selenium-opera-driver-3.141.59.jar;C:\Users\apusko.la\.m2\repository\org\seleniumhq\selenium\selenium-remote-driver\3.141.59\selenium-remote-driver-3.141.59.jar;C:\Users\apusko.la\.m2\repository\org\seleniumhq\selenium\selenium-safari-driver\3.141.59\selenium-safari-driver-3.141.59.jar;C:\Users\apusko.la\.m2\repository\org\seleniumhq\selenium\selenium-support\3.141.59\selenium-support-3.141.59.jar;C:\Users\apusko.la\.m2\repository\net\bytebuddy\byte-buddy\1.8.15\byte-buddy-1.8.15.jar;C:\Users\apusko.la\.m2\repository\org\apache\commons\commons-exec\1.3\commons-exec-1.3.jar;C:\Users\apusko.la\.m2\repository\com\google\guava\guava\25.0-jre\guava-25.0-jre.jar;C:\Users\apusko.la\.m2\repository\com\google\code\findbugs\jsr305\1.3.9\jsr305-1.3.9.jar;C:\Users\apusko.la\.m2\repository\org\checkerframework\checker-compat-qual\2.0.0\checker-compat-qual-2.0.0.jar;C:\Users\apusko.la\.m2\repository\com\google\errorprone\error_prone_annotations\2.1.3\error_prone_annotations-2.1.3.jar;C:\Users\apusko.la\.m2\repository\com\google\j2objc\j2objc-annotations\1.1\j2objc-annotations-1.1.jar;C:\Users\apusko.la\.m2\repository\org\codehaus\mojo\animal-sniffer-annotations\1.14\animal-sniffer-annotations-1.14.jar;C:\Users\apusko.la\.m2\repository\com\squareup\okhttp3\okhttp\3.11.0\okhttp-3.11.0.jar;C:\Users\apusko.la\.m2\repository\com\squareup\okio\okio\1.14.0\okio-1.14.0.jar;C:\Users\apusko.la\.m2\repository\org\apache\maven\maven-plugin-api\3.6.1\maven-plugin-api-3.6.1.jar;C:\Users\apusko.la\.m2\repository\org\apache\maven\maven-model\3.6.1\maven-model-3.6.1.jar;C:\Users\apusko.la\.m2\repository\org\apache\maven\maven-artifact\3.6.1\maven-artifact-3.6.1.jar;C:\Users\apusko.la\.m2\repository\org\eclipse\sisu\org.eclipse.sisu.plexus\0.3.3\org.eclipse.sisu.plexus-0.3.3.jar;C:\Users\apusko.la\.m2\repository\javax\enterprise\cdi-api\1.0\cdi-api-1.0.jar;C:\Users\apusko.la\.m2\repository\javax\annotation\jsr250-api\1.0\jsr250-api-1.0.jar;C:\Users\apusko.la\.m2\repository\javax\inject\javax.inject\1\javax.inject-1.jar;C:\Users\apusko.la\.m2\repository\org\eclipse\sisu\org.eclipse.sisu.inject\0.3.3\org.eclipse.sisu.inject-0.3.3.jar;C:\Users\apusko.la\.m2\repository\org\codehaus\plexus\plexus-component-annotations\1.5.5\plexus-component-annotations-1.5.5.jar;C:\Users\apusko.la\.m2\repository\org\codehaus\plexus\plexus-utils\3.2.0\plexus-utils-3.2.0.jar;C:\Users\apusko.la\.m2\repository\org\codehaus\plexus\plexus-classworlds\2.6.0\plexus-classworlds-2.6.0.jar;C:\Users\apusko.la\.m2\repository\javax\servlet\javax.servlet-api\4.0.1\javax.servlet-api-4.0.1.jar;C:\Users\apusko.la\.m2\repository\org\testng\testng\6.14.3\testng-6.14.3.jar;C:\Users\apusko.la\.m2\repository\com\beust\jcommander\1.72\jcommander-1.72.jar;C:\Users\apusko.la\.m2\repository\org\apache-extras\beanshell\bsh\2.0b6\bsh-2.0b6.jar;C:\Users\apusko.la\.m2\repository\io\appium\java-client\7.0.0\java-client-7.0.0.jar;C:\Users\apusko.la\.m2\repository\com\google\code\gson\gson\2.8.5\gson-2.8.5.jar;C:\Users\apusko.la\.m2\repository\org\apache\httpcomponents\httpclient\4.5.6\httpclient-4.5.6.jar;C:\Users\apusko.la\.m2\repository\org\apache\httpcomponents\httpcore\4.4.10\httpcore-4.4.10.jar;C:\Users\apusko.la\.m2\repository\commons-logging\commons-logging\1.2\commons-logging-1.2.jar;C:\Users\apusko.la\.m2\repository\commons-codec\commons-codec\1.10\commons-codec-1.10.jar;C:\Users\apusko.la\.m2\repository\cglib\cglib\3.2.8\cglib-3.2.8.jar;C:\Users\apusko.la\.m2\repository\org\ow2\asm\asm\6.2.1\asm-6.2.1.jar;C:\Users\apusko.la\.m2\repository\org\apache\ant\ant\1.10.3\ant-1.10.3.jar;C:\Users\apusko.la\.m2\repository\org\apache\ant\ant-launcher\1.10.3\ant-launcher-1.10.3.jar;C:\Users\apusko.la\.m2\repository\commons-validator\commons-validator\1.6\commons-validator-1.6.jar;C:\Users\apusko.la\.m2\repository\commons-beanutils\commons-beanutils\1.9.2\commons-beanutils-1.9.2.jar;C:\Users\apusko.la\.m2\repository\commons-digester\commons-digester\1.8.1\commons-digester-1.8.1.jar;C:\Users\apusko.la\.m2\repository\commons-collections\commons-collections\3.2.2\commons-collections-3.2.2.jar;C:\Users\apusko.la\.m2\repository\org\apache\commons\commons-lang3\3.8\commons-lang3-3.8.jar;C:\Users\apusko.la\.m2\repository\commons-io\commons-io\2.6\commons-io-2.6.jar;C:\Users\apusko.la\.m2\repository\org\springframework\spring-context\5.1.0.RELEASE\spring-context-5.1.0.RELEASE.jar;C:\Users\apusko.la\.m2\repository\org\springframework\spring-aop\5.1.0.RELEASE\spring-aop-5.1.0.RELEASE.jar;C:\Users\apusko.la\.m2\repository\org\springframework\spring-beans\5.1.0.RELEASE\spring-beans-5.1.0.RELEASE.jar;C:\Users\apusko.la\.m2\repository\org\springframework\spring-core\5.1.0.RELEASE\spring-core-5.1.0.RELEASE.jar;C:\Users\apusko.la\.m2\repository\org\springframework\spring-jcl\5.1.0.RELEASE\spring-jcl-5.1.0.RELEASE.jar;C:\Users\apusko.la\.m2\repository\org\springframework\spring-expression\5.1.0.RELEASE\spring-expression-5.1.0.RELEASE.jar;C:\Users\apusko.la\.m2\repository\org\aspectj\aspectjweaver\1.9.1\aspectjweaver-1.9.1.jar;C:\Users\apusko.la\.m2\repository\org\slf4j\slf4j-api\1.7.25\slf4j-api-1.7.25.jar;"/>
    <property name="sun.cpu.endian" value="little"/>
    <property name="user.home" value="C:\Users\apusko.la"/>
    <property name="user.language" value="en"/>
    <property name="java.specification.vendor" value="Oracle Corporation"/>
    <property name="java.home" value="C:\Program Files\Java\jdk1.8.0_211\jre"/>
    <property name="basedir" value="C:\Users\apusko.la\eclipse-workspace\firstProj"/>
    <property name="file.separator" value="\"/>
    <property name="line.separator" value="&#10;"/>
    <property name="java.vm.specification.vendor" value="Oracle Corporation"/>
    <property name="java.specification.name" value="Java Platform API Specification"/>
    <property name="java.awt.graphicsenv" value="sun.awt.Win32GraphicsEnvironment"/>
    <property name="surefire.real.class.path" value="C:\Users\apusko.la\AppData\Local\Temp\surefire7148803535425786390\surefirebooter3309811790016214353.jar"/>
    <property name="sun.boot.class.path" value="C:\Program Files\Java\jdk1.8.0_211\jre\lib\resources.jar;C:\Program Files\Java\jdk1.8.0_211\jre\lib\rt.jar;C:\Program Files\Java\jdk1.8.0_211\jre\lib\sunrsasign.jar;C:\Program Files\Java\jdk1.8.0_211\jre\lib\jsse.jar;C:\Program Files\Java\jdk1.8.0_211\jre\lib\jce.jar;C:\Program Files\Java\jdk1.8.0_211\jre\lib\charsets.jar;C:\Program Files\Java\jdk1.8.0_211\jre\lib\jfr.jar;C:\Program Files\Java\jdk1.8.0_211\jre\classes"/>
    <property name="user.script" value=""/>
    <property name="sun.management.compiler" value="HotSpot 64-Bit Tiered Compilers"/>
    <property name="java.runtime.version" value="1.8.0_211-b12"/>
    <property name="user.name" value="apusko.la"/>
    <property name="path.separator" value=";"/>
    <property name="os.version" value="10.0"/>
    <property name="java.endorsed.dirs" value="C:\Program Files\Java\jdk1.8.0_211\jre\lib\endorsed"/>
    <property name="java.runtime.name" value="Java(TM) SE Runtime Environment"/>
    <property name="file.encoding" value="Cp1257"/>
    <property name="java.vm.name" value="Java HotSpot(TM) 64-Bit Server VM"/>
    <property name="localRepository" value="C:\Users\apusko.la\.m2\repository"/>
    <property name="java.vendor.url.bug" value="http://bugreport.sun.com/bugreport/"/>
    <property name="java.io.tmpdir" value="C:\Users\apusko.la\AppData\Local\Temp\"/>
    <property name="java.version" value="1.8.0_211"/>
    <property name="user.dir" value="C:\Users\apusko.la\eclipse-workspace\firstProj"/>
    <property name="os.arch" value="amd64"/>
    <property name="java.vm.specification.name" value="Java Virtual Machine Specification"/>
    <property name="java.awt.printerjob" value="sun.awt.windows.WPrinterJob"/>
    <property name="user.language.format" value="lv"/>
    <property name="sun.os.patch.level" value=""/>
    <property name="java.library.path" value="C:\Program Files\Java\jdk1.8.0_211\jre\bin;C:\WINDOWS\Sun\Java\bin;C:\WINDOWS\system32;C:\WINDOWS;C:\Program Files (x86)\Common Files\Oracle\Java\javapath;C:\ProgramData\DockerDesktop\version-bin;C:\Program Files\Docker\Docker\Resources\bin;C:\Aplikacijas\Oracle12c\home\bin;C:\ProgramData\Oracle\Java\javapath;C:\WINDOWS\system32;C:\WINDOWS;C:\WINDOWS\System32\Wbem;C:\WINDOWS\System32\WindowsPowerShell\v1.0\;C:\WINDOWS\System32\OpenSSH\;C:\Program Files (x86)\Sennheiser\SoftphoneSDK\;C:\Users\apusko.la\Desktop\testing\apache-maven-3.6.1\bin;C:\Users\apusko.la\AppData\Local\Android\Sdk\tools\bin;C:\Users\apusko.la\AppData\Local\Android\Sdk\tools;C:\Users\apusko.la\AppData\Local\Android\Sdk\platform-tools;C:\Program Files\Java\jdk1.8.0_211\bin;C:\Program Files\nodejs;C:\Program Files\nodejs\;C:\Users\apusko.la\AppData\Local\Microsoft\WindowsApps;C:\Users\apusko.la\AppData\Roaming\npm;."/>
    <property name="java.vm.info" value="mixed mode"/>
    <property name="java.vendor" value="\Sun Microsystems Inc.\"/>
    <property name="java.vm.version" value="25.211-b12"/>
    <property name="java.ext.dirs" value="C:\Program Files\Java\jdk1.8.0_211\jre\lib\ext;C:\WINDOWS\Sun\Java\lib\ext"/>
    <property name="sun.io.unicode.encoding" value="UnicodeLittle"/>
    <property name="java.class.version" value="52.0"/>
  </properties>
  <testcase name="B on null(lv.delfi.firstProj.AppTest)" classname="lv.delfi.firstProj.AppTest" time="19.012"/>
  <testcase name="C on null(lv.delfi.firstProj.AppTest)" classname="lv.delfi.firstProj.AppTest" time="2.183"/>
  <testcase name="D on null(lv.delfi.firstProj.AppTest)" classname="lv.delfi.firstProj.AppTest" time="0.145"/>
  <testcase name="E on null(lv.delfi.firstProj.AppTest)" classname="lv.delfi.firstProj.AppTest" time="7.178">
    <failure message="Reached error page: about:neterror?e=redirectLoop&amp;u=https%3A//www.delfi.lv/tasty/receptes/sastavdalas/kanelis/kan%25C4%2593lis&amp;c=UTF-8&amp;f=regular&amp;d=Firefox%20has%20detected%20that%20the%20server%20is%20redirecting%20the%20request%20for%20this%20address%20in%20a%20way%20that%20will%20never%20complete.&#10;Build info: version: &apos;3.141.59&apos;, revision: &apos;e82be7d358&apos;, time: &apos;2018-11-14T08:17:03&apos;&#10;System info: host: &apos;D88823&apos;, ip: &apos;10.0.75.1&apos;, os.name: &apos;Windows 10&apos;, os.arch: &apos;amd64&apos;, os.version: &apos;10.0&apos;, java.version: &apos;1.8.0_211&apos;&#10;Driver info: org.openqa.selenium.firefox.FirefoxDriver&#10;Capabilities {acceptInsecureCerts: true, browserName: firefox, browserVersion: 67.0, javascriptEnabled: true, moz:accessibilityChecks: false, moz:buildID: 20190516215225, moz:geckodriverVersion: 0.24.0, moz:headless: false, moz:processID: 11892, moz:profile: C:\Users\apusko.la\AppData\..., moz:shutdownTimeout: 60000, moz:useNonSpecCompliantPointerOrigin: false, moz:webdriverClick: true, pageLoadStrategy: normal, platform: WINDOWS, platformName: WINDOWS, platformVersion: 10.0, rotatable: false, setWindowRect: true, strictFileInteractability: false, timeouts: {implicit: 0, pageLoad: 300000, script: 30000}, unhandledPromptBehavior: dismiss and notify}&#10;Session ID: a16cf291-856b-4e57-95a5-12b957c23096" type="org.openqa.selenium.WebDriverException"><![CDATA[org.openqa.selenium.WebDriverException: 
Reached error page: about:neterror?e=redirectLoop&u=https%3A//www.delfi.lv/tasty/receptes/sastavdalas/kanelis/kan%25C4%2593lis&c=UTF-8&f=regular&d=Firefox%20has%20detected%20that%20the%20server%20is%20redirecting%20the%20request%20for%20this%20address%20in%20a%20way%20that%20will%20never%20complete.
Build info: version: '3.141.59', revision: 'e82be7d358', time: '2018-11-14T08:17:03'
System info: host: 'D88823', ip: '10.0.75.1', os.name: 'Windows 10', os.arch: 'amd64', os.version: '10.0', java.version: '1.8.0_211'
Driver info: org.openqa.selenium.firefox.FirefoxDriver
Capabilities {acceptInsecureCerts: true, browserName: firefox, browserVersion: 67.0, javascriptEnabled: true, moz:accessibilityChecks: false, moz:buildID: 20190516215225, moz:geckodriverVersion: 0.24.0, moz:headless: false, moz:processID: 11892, moz:profile: C:\Users\apusko.la\AppData\..., moz:shutdownTimeout: 60000, moz:useNonSpecCompliantPointerOrigin: false, moz:webdriverClick: true, pageLoadStrategy: normal, platform: WINDOWS, platformName: WINDOWS, platformVersion: 10.0, rotatable: false, setWindowRect: true, strictFileInteractability: false, timeouts: {implicit: 0, pageLoad: 300000, script: 30000}, unhandledPromptBehavior: dismiss and notify}
Session ID: a16cf291-856b-4e57-95a5-12b957c23096
	at lv.delfi.firstProj.AppTest.E(AppTest.java:77)
]]></failure>
    <system-out><![CDATA[https://www.delfi.lv/tasty/receptes/sastavdalas/kondensetais-piens/ pass
https://www.delfi.lv/tasty/receptes/sastavdalas/kondensetais-piens/ pass
https://www.delfi.lv/tasty/receptes/sastavdalas/piens/ pass
]]></system-out>
  </testcase>
  <testcase name="F on null(lv.delfi.firstProj.AppTest)" classname="lv.delfi.firstProj.AppTest" time="27.4">
    <failure message="unknown error: Chrome failed to start: exited normally&#10;  (unknown error: unable to discover open pages)&#10;  (The process started from chrome location C:\Program Files (x86)\Google\Chrome\Application\chrome.exe is no longer running, so ChromeDriver is assuming that Chrome has crashed.)&#10;  (Driver info: chromedriver=74.0.3729.6 (255758eccf3d244491b8a1317aa76e1ce10d57e9-refs/branch-heads/3729@{#29}),platform=Windows NT 10.0.17763 x86_64) (WARNING: The server did not provide any stacktrace information)&#10;Command duration or timeout: 24.64 seconds&#10;Build info: version: &apos;3.141.59&apos;, revision: &apos;e82be7d358&apos;, time: &apos;2018-11-14T08:17:03&apos;&#10;System info: host: &apos;D88823&apos;, ip: &apos;10.0.75.1&apos;, os.name: &apos;Windows 10&apos;, os.arch: &apos;amd64&apos;, os.version: &apos;10.0&apos;, java.version: &apos;1.8.0_211&apos;&#10;Driver info: driver.version: ChromeDriver" type="org.openqa.selenium.WebDriverException">org.openqa.selenium.WebDriverException: 
unknown error: Chrome failed to start: exited normally
  (unknown error: unable to discover open pages)
  (The process started from chrome location C:\Program Files (x86)\Google\Chrome\Application\chrome.exe is no longer running, so ChromeDriver is assuming that Chrome has crashed.)
  (Driver info: chromedriver=74.0.3729.6 (255758eccf3d244491b8a1317aa76e1ce10d57e9-refs/branch-heads/3729@{#29}),platform=Windows NT 10.0.17763 x86_64) (WARNING: The server did not provide any stacktrace information)
Command duration or timeout: 24.64 seconds
Build info: version: '3.141.59', revision: 'e82be7d358', time: '2018-11-14T08:17:03'
System info: host: 'D88823', ip: '10.0.75.1', os.name: 'Windows 10', os.arch: 'amd64', os.version: '10.0', java.version: '1.8.0_211'
Driver info: driver.version: ChromeDriver
	at lv.delfi.firstProj.AppTest.driverChoose(AppTest.java:31)
	at lv.delfi.firstProj.AppTest.B(AppTest.java:38)
	at lv.delfi.firstProj.AppTest.F(AppTest.java:91)
</failure>
    <system-err><![CDATA[1559655686568	Marionette	INFO	Stopped listening on port 55352
[Parent 11892, Gecko_IOThread] WARNING: file z:/task_1558035249/build/src/ipc/chromium/src/base/process_util_win.cc, line 160
[Child 10440, Chrome_ChildThread] WARNING: pipe error: 109: file z:/task_1558035249/build/src/ipc/chromium/src/chrome/common/ipc_channel_win.cc, line 341
[Parent 11892, Gecko_IOThread] WARNING: pipe error: 109: file z:/task_1558035249/build/src/ipc/chromium/src/chrome/common/ipc_channel_win.cc, line 341
Starting ChromeDriver 74.0.3729.6 (255758eccf3d244491b8a1317aa76e1ce10d57e9-refs/branch-heads/3729@{#29}) on port 27423
Only local connections are allowed.
Please protect ports used by ChromeDriver and related test frameworks to prevent access by malicious code.
]]></system-err>
  </testcase>
</testsuite>